<?xml version="1.0" encoding="UTF-8"?>
<!-- Generated by org.testng.reporters.JUnitReportReporter -->
<testsuite hostname="LAPTOP-T8DFLIU8" failures="0" tests="1" name="GetOmnify.chooseBusinessTest" time="11.370" errors="0" timestamp="2022-06-16T10:09:25 IST" skipped="0">
  <testcase classname="GetOmnify.chooseBusinessTest" name="StaffLoginPage" time="11.370"/>
  <system-out/>
</testsuite> <!-- GetOmnify.chooseBusinessTest -->
