<?xml version="1.0" encoding="UTF-8"?>
<!-- Generated by org.testng.reporters.JUnitReportReporter -->
<testsuite hostname="LAPTOP-T8DFLIU8" failures="0" tests="1" name="GetOmnify.StaffLoginTest" time="7.421" errors="0" timestamp="2022-06-15T22:09:05 IST" skipped="0">
  <testcase classname="GetOmnify.StaffLoginTest" name="StaffLoginPage" time="7.421"/>
  <system-out/>
</testsuite> <!-- GetOmnify.StaffLoginTest -->
