<?xml version="1.0" encoding="UTF-8"?>
<!-- Generated by org.testng.reporters.JUnitReportReporter -->
<testsuite hostname="LAPTOP-T8DFLIU8" failures="0" tests="1" name="GetOmnify.DashboardGeneralBusinessSettingsTest" time="73.870" errors="0" timestamp="2022-07-08T13:32:03 IST" skipped="0">
  <testcase classname="GetOmnify.DashboardGeneralBusinessSettingsTest" name="StaffLoginPage" time="73.870"/>
  <system-out/>
</testsuite> <!-- GetOmnify.DashboardGeneralBusinessSettingsTest -->
