<?xml version="1.0" encoding="UTF-8"?>
<!-- Generated by org.testng.reporters.JUnitReportReporter -->
<testsuite hostname="LAPTOP-T8DFLIU8" failures="0" tests="1" name="GetOmnify.DashboardGeneralFormatSettingTest" time="28.881" errors="0" timestamp="2022-06-17T15:03:56 IST" skipped="0">
  <testcase classname="GetOmnify.DashboardGeneralFormatSettingTest" name="StaffLoginPage" time="28.881"/>
  <system-out/>
</testsuite> <!-- GetOmnify.DashboardGeneralFormatSettingTest -->
