<?xml version="1.0" encoding="UTF-8"?>
<!-- Generated by org.testng.reporters.JUnitReportReporter -->
<testsuite hostname="LAPTOP-T8DFLIU8" failures="0" tests="1" name="GetOmnify.DashboardServiceStoreGeneralTest" time="22.700" errors="0" timestamp="2022-07-08T18:16:35 IST" skipped="0">
  <testcase classname="GetOmnify.DashboardServiceStoreGeneralTest" name="StaffLoginPage" time="22.700"/>
  <system-out/>
</testsuite> <!-- GetOmnify.DashboardServiceStoreGeneralTest -->
