<?xml version="1.0" encoding="UTF-8"?>
<!-- Generated by org.testng.reporters.JUnitReportReporter -->
<testsuite hostname="LAPTOP-T8DFLIU8" failures="0" tests="1" name="GetOmnify.DashboardGeneralAddressSettingsTest" time="42.004" errors="0" timestamp="2022-06-17T16:20:39 IST" skipped="0">
  <testcase classname="GetOmnify.DashboardGeneralAddressSettingsTest" name="StaffLoginPage" time="42.004"/>
  <system-out/>
</testsuite> <!-- GetOmnify.DashboardGeneralAddressSettingsTest -->
