<?xml version="1.0" encoding="UTF-8"?>
<!-- Generated by org.testng.reporters.JUnitReportReporter -->
<testsuite hostname="LAPTOP-T8DFLIU8" failures="0" tests="1" name="GetOmnify.DashboardGeneralFormatSettingTest" time="24.425" errors="0" timestamp="2022-06-20T13:01:22 IST" skipped="0">
  <testcase classname="GetOmnify.DashboardGeneralFormatSettingTest" name="StaffLoginPage" time="24.425"/>
  <system-out/>
</testsuite> <!-- GetOmnify.DashboardGeneralFormatSettingTest -->
