<?xml version="1.0" encoding="UTF-8"?>
<!-- Generated by org.testng.reporters.JUnitReportReporter -->
<testsuite hostname="LAPTOP-T8DFLIU8" failures="0" tests="1" name="GetOmnify.StaffLoginTest" time="8.647" errors="0" timestamp="2022-06-20T13:01:22 IST" skipped="0">
  <testcase classname="GetOmnify.StaffLoginTest" name="StaffLoginPage" time="8.647"/>
  <system-out/>
</testsuite> <!-- GetOmnify.StaffLoginTest -->
