<?xml version="1.0" encoding="UTF-8"?>
<!-- Generated by org.testng.reporters.JUnitReportReporter -->
<testsuite hostname="LAPTOP-T8DFLIU8" failures="0" tests="1" name="GetOmnify.DashboardGeneralAddressSettingsTest" time="41.445" errors="0" timestamp="2022-06-20T13:01:22 IST" skipped="0">
  <testcase classname="GetOmnify.DashboardGeneralAddressSettingsTest" name="StaffLoginPage" time="41.445"/>
  <system-out/>
</testsuite> <!-- GetOmnify.DashboardGeneralAddressSettingsTest -->
