<?xml version="1.0" encoding="UTF-8"?>
<!-- Generated by org.testng.reporters.JUnitReportReporter -->
<testsuite hostname="LAPTOP-T8DFLIU8" failures="0" tests="1" name="GetOmnify.AppTest" time="0.013" errors="0" timestamp="2022-06-20T13:01:23 IST" skipped="0">
  <testcase classname="GetOmnify.AppTest" name="shouldAnswerWithTrue" time="0.013"/>
  <system-out/>
</testsuite> <!-- GetOmnify.AppTest -->
